2023-09-04T22:20:30.462+09:00  INFO 79964 --- [restartedMain] c.f.bankserver.BankServerApplication     : Starting BankServerApplication using Java 17.0.7 with PID 79964 (C:\Users\Choi\Desktop\SSAFY Projects\share-account-bank\bank-server\build\classes\java\main started by Choi in C:\Users\Choi\Desktop\SSAFY Projects\share-account-bank\bank-server)
2023-09-04T22:20:30.466+09:00  INFO 79964 --- [restartedMain] c.f.bankserver.BankServerApplication     : No active profile set, falling back to 1 default profile: "default"
2023-09-04T22:20:30.467+09:00 DEBUG 79964 --- [restartedMain] o.s.boot.SpringApplication               : Loading source class com.forstuad.bankserver.BankServerApplication
2023-09-04T22:20:30.498+09:00 DEBUG 79964 --- [restartedMain] o.s.b.devtools.restart.ChangeableUrls    : Matching URLs for reloading : [file:/C:/Users/Choi/Desktop/SSAFY%20Projects/share-account-bank/bank-server/build/classes/java/main/, file:/C:/Users/Choi/Desktop/SSAFY%20Projects/share-account-bank/bank-server/build/resources/main/]
2023-09-04T22:20:30.499+09:00 DEBUG 79964 --- [restartedMain] o.s.b.d.settings.DevToolsSettings        : Included patterns for restart : []
2023-09-04T22:20:30.499+09:00 DEBUG 79964 --- [restartedMain] o.s.b.d.settings.DevToolsSettings        : Excluded patterns for restart : [/spring-boot-starter-[\w-]+/, /spring-boot/(bin|build|out)/, /spring-boot-starter/(bin|build|out)/, /spring-boot-devtools/(bin|build|out)/, /spring-boot-actuator/(bin|build|out)/, /spring-boot-autoconfigure/(bin|build|out)/]
2023-09-04T22:20:30.499+09:00  INFO 79964 --- [restartedMain] .e.DevToolsPropertyDefaultsPostProcessor : Devtools property defaults active! Set 'spring.devtools.add-properties' to 'false' to disable
2023-09-04T22:20:30.499+09:00  INFO 79964 --- [restartedMain] .e.DevToolsPropertyDefaultsPostProcessor : For additional web related logging consider setting the 'logging.level.web' property to 'DEBUG'
2023-09-04T22:20:30.499+09:00 DEBUG 79964 --- [restartedMain] ConfigServletWebServerApplicationContext : Refreshing org.springframework.boot.web.servlet.context.AnnotationConfigServletWebServerApplicationContext@71631084
2023-09-04T22:20:30.987+09:00  INFO 79964 --- [restartedMain] .s.d.r.c.RepositoryConfigurationDelegate : Bootstrapping Spring Data JPA repositories in DEFAULT mode.
2023-09-04T22:20:30.999+09:00 DEBUG 79964 --- [restartedMain] o.s.b.a.AutoConfigurationPackages        : @EnableAutoConfiguration was declared on a class in the package 'com.forstuad.bankserver'. Automatic @Repository and @Entity scanning is enabled.
2023-09-04T22:20:31.109+09:00  INFO 79964 --- [restartedMain] .s.d.r.c.RepositoryConfigurationDelegate : Finished Spring Data repository scanning in 116 ms. Found 2 JPA repository interfaces.
2023-09-04T22:20:31.480+09:00 DEBUG 79964 --- [restartedMain] .s.b.w.e.t.TomcatServletWebServerFactory : Code archive: C:\Users\Choi\.gradle\caches\modules-2\files-2.1\org.springframework.boot\spring-boot\3.1.3\7161dbfbbdde423513c89deae00da8068319a26a\spring-boot-3.1.3.jar
2023-09-04T22:20:31.480+09:00 DEBUG 79964 --- [restartedMain] .s.b.w.e.t.TomcatServletWebServerFactory : Code archive: C:\Users\Choi\.gradle\caches\modules-2\files-2.1\org.springframework.boot\spring-boot\3.1.3\7161dbfbbdde423513c89deae00da8068319a26a\spring-boot-3.1.3.jar
2023-09-04T22:20:31.481+09:00 DEBUG 79964 --- [restartedMain] .s.b.w.e.t.TomcatServletWebServerFactory : None of the document roots [src/main/webapp, public, static] point to a directory and will be ignored.
2023-09-04T22:20:31.548+09:00  INFO 79964 --- [restartedMain] o.s.b.w.embedded.tomcat.TomcatWebServer  : Tomcat initialized with port(s): 8081 (http)
2023-09-04T22:20:31.556+09:00  INFO 79964 --- [restartedMain] o.apache.catalina.core.StandardService   : Starting service [Tomcat]
2023-09-04T22:20:31.556+09:00  INFO 79964 --- [restartedMain] o.apache.catalina.core.StandardEngine    : Starting Servlet engine: [Apache Tomcat/10.1.12]
2023-09-04T22:20:31.599+09:00  INFO 79964 --- [restartedMain] o.a.c.c.C.[Tomcat].[localhost].[/]       : Initializing Spring embedded WebApplicationContext
2023-09-04T22:20:31.599+09:00 DEBUG 79964 --- [restartedMain] w.s.c.ServletWebServerApplicationContext : Published root WebApplicationContext as ServletContext attribute with name [org.springframework.web.context.WebApplicationContext.ROOT]
2023-09-04T22:20:31.599+09:00  INFO 79964 --- [restartedMain] w.s.c.ServletWebServerApplicationContext : Root WebApplicationContext: initialization completed in 1100 ms
2023-09-04T22:20:31.609+09:00 DEBUG 79964 --- [restartedMain] o.s.b.w.s.ServletContextInitializerBeans : Mapping filters: springSecurityFilterChain urls=[/*] order=-100, characterEncodingFilter urls=[/*] order=-2147483648, formContentFilter urls=[/*] order=-9900, requestContextFilter urls=[/*] order=-105
2023-09-04T22:20:31.609+09:00 DEBUG 79964 --- [restartedMain] o.s.b.w.s.ServletContextInitializerBeans : Mapping servlets: dispatcherServlet urls=[/]
2023-09-04T22:20:31.627+09:00 DEBUG 79964 --- [restartedMain] o.s.b.w.s.f.OrderedRequestContextFilter  : Filter 'requestContextFilter' configured for use
2023-09-04T22:20:31.630+09:00 DEBUG 79964 --- [restartedMain] s.b.w.s.f.OrderedCharacterEncodingFilter : Filter 'characterEncodingFilter' configured for use
2023-09-04T22:20:31.630+09:00 DEBUG 79964 --- [restartedMain] .DelegatingFilterProxyRegistrationBean$1 : Filter 'springSecurityFilterChain' configured for use
2023-09-04T22:20:31.630+09:00 DEBUG 79964 --- [restartedMain] o.s.b.w.s.f.OrderedFormContentFilter     : Filter 'formContentFilter' configured for use
2023-09-04T22:20:31.695+09:00  INFO 79964 --- [restartedMain] o.hibernate.jpa.internal.util.LogHelper  : HHH000204: Processing PersistenceUnitInfo [name: default]
2023-09-04T22:20:31.746+09:00  INFO 79964 --- [restartedMain] org.hibernate.Version                    : HHH000412: Hibernate ORM core version 6.2.7.Final
2023-09-04T22:20:31.748+09:00  INFO 79964 --- [restartedMain] org.hibernate.cfg.Environment            : HHH000406: Using bytecode reflection optimizer
2023-09-04T22:20:31.863+09:00  INFO 79964 --- [restartedMain] o.h.b.i.BytecodeProviderInitiator        : HHH000021: Bytecode provider name : bytebuddy
2023-09-04T22:20:31.970+09:00  INFO 79964 --- [restartedMain] o.s.o.j.p.SpringPersistenceUnitInfo      : No LoadTimeWeaver setup: ignoring JPA class transformer
2023-09-04T22:20:31.982+09:00  INFO 79964 --- [restartedMain] com.zaxxer.hikari.HikariDataSource       : HikariPool-1 - Starting...
2023-09-04T22:20:32.088+09:00  INFO 79964 --- [restartedMain] com.zaxxer.hikari.pool.HikariPool        : HikariPool-1 - Added connection com.mysql.cj.jdbc.ConnectionImpl@1b17926c
2023-09-04T22:20:32.090+09:00  INFO 79964 --- [restartedMain] com.zaxxer.hikari.HikariDataSource       : HikariPool-1 - Start completed.
2023-09-04T22:20:32.121+09:00  WARN 79964 --- [restartedMain] org.hibernate.orm.deprecation            : HHH90000026: MySQL8Dialect has been deprecated; use org.hibernate.dialect.MySQLDialect instead
2023-09-04T22:20:32.272+09:00  INFO 79964 --- [restartedMain] o.h.b.i.BytecodeProviderInitiator        : HHH000021: Bytecode provider name : bytebuddy
2023-09-04T22:20:32.706+09:00  INFO 79964 --- [restartedMain] o.h.e.t.j.p.i.JtaPlatformInitiator       : HHH000490: Using JtaPlatform implementation: [org.hibernate.engine.transaction.jta.platform.internal.NoJtaPlatform]
2023-09-04T22:20:32.806+09:00  INFO 79964 --- [restartedMain] j.LocalContainerEntityManagerFactoryBean : Initialized JPA EntityManagerFactory for persistence unit 'default'
2023-09-04T22:20:33.026+09:00  INFO 79964 --- [restartedMain] o.s.d.j.r.query.QueryEnhancerFactory     : Hibernate is in classpath; If applicable, HQL parser will be used.
2023-09-04T22:20:33.243+09:00  WARN 79964 --- [restartedMain] .s.s.UserDetailsServiceAutoConfiguration : 

Using generated security password: 8f7cd7b4-20d3-4856-960c-1d3cc23391ee

This generated password is for development use only. Your security configuration must be updated before running your application in production.

2023-09-04T22:20:33.303+09:00  INFO 79964 --- [restartedMain] o.s.s.web.DefaultSecurityFilterChain     : Will secure any request with [org.springframework.security.web.session.DisableEncodeUrlFilter@2bef4663, org.springframework.security.web.context.request.async.WebAsyncManagerIntegrationFilter@7967d612, org.springframework.security.web.context.SecurityContextHolderFilter@205eb588, org.springframework.security.web.header.HeaderWriterFilter@6243fea0, org.springframework.security.web.authentication.logout.LogoutFilter@5f4953c8, org.springframework.security.web.savedrequest.RequestCacheAwareFilter@6e73eb4b, org.springframework.security.web.servletapi.SecurityContextHolderAwareRequestFilter@afb68c9, org.springframework.security.web.authentication.AnonymousAuthenticationFilter@4f69a969, org.springframework.security.web.access.ExceptionTranslationFilter@6d109c8f]
2023-09-04T22:20:33.369+09:00 DEBUG 79964 --- [restartedMain] s.w.s.m.m.a.RequestMappingHandlerAdapter : ControllerAdvice beans: 0 @ModelAttribute, 0 @InitBinder, 1 RequestBodyAdvice, 1 ResponseBodyAdvice
2023-09-04T22:20:33.422+09:00 DEBUG 79964 --- [restartedMain] s.w.s.m.m.a.RequestMappingHandlerMapping : 9 mappings in 'requestMappingHandlerMapping'
2023-09-04T22:20:33.431+09:00 DEBUG 79964 --- [restartedMain] o.s.w.s.handler.SimpleUrlHandlerMapping  : Patterns [/webjars/**, /**] in 'resourceHandlerMapping'
2023-09-04T22:20:33.435+09:00 DEBUG 79964 --- [restartedMain] .m.m.a.ExceptionHandlerExceptionResolver : ControllerAdvice beans: 0 @ExceptionHandler, 1 ResponseBodyAdvice
2023-09-04T22:20:33.465+09:00 DEBUG 79964 --- [restartedMain] inMXBeanRegistrar$SpringApplicationAdmin : Application Admin MBean registered with name 'org.springframework.boot:type=Admin,name=SpringApplication'
2023-09-04T22:20:33.889+09:00 DEBUG 79964 --- [restartedMain] o.s.b.d.livereload.LiveReloadServer      : Starting live reload server on port 35729
2023-09-04T22:20:33.890+09:00  INFO 79964 --- [restartedMain] o.s.b.d.a.OptionalLiveReloadServer       : LiveReload server is running on port 35729
2023-09-04T22:20:33.915+09:00  INFO 79964 --- [restartedMain] o.s.b.w.embedded.tomcat.TomcatWebServer  : Tomcat started on port(s): 8081 (http) with context path ''
2023-09-04T22:20:33.920+09:00  INFO 79964 --- [restartedMain] c.f.bankserver.BankServerApplication     : Started BankServerApplication in 3.763 seconds (process running for 4.254)
2023-09-04T22:20:33.921+09:00 DEBUG 79964 --- [restartedMain] o.s.b.a.ApplicationAvailabilityBean      : Application availability state LivenessState changed to CORRECT
2023-09-04T22:20:33.921+09:00 DEBUG 79964 --- [restartedMain] o.s.boot.devtools.restart.Restarter      : Creating new Restarter for thread Thread[main,5,main]
2023-09-04T22:20:33.921+09:00 DEBUG 79964 --- [restartedMain] o.s.boot.devtools.restart.Restarter      : Immediately restarting application
2023-09-04T22:20:33.921+09:00 DEBUG 79964 --- [restartedMain] o.s.boot.devtools.restart.Restarter      : Starting application com.forstuad.bankserver.BankServerApplication with URLs [file:/C:/Users/Choi/Desktop/SSAFY%20Projects/share-account-bank/bank-server/build/classes/java/main/, file:/C:/Users/Choi/Desktop/SSAFY%20Projects/share-account-bank/bank-server/build/resources/main/]
2023-09-04T22:20:33.921+09:00 DEBUG 79964 --- [restartedMain] o.s.b.a.ApplicationAvailabilityBean      : Application availability state ReadinessState changed to ACCEPTING_TRAFFIC
2023-09-04T22:20:55.960+09:00  INFO 79964 --- [http-nio-8081-exec-2] o.a.c.c.C.[Tomcat].[localhost].[/]       : Initializing Spring DispatcherServlet 'dispatcherServlet'
2023-09-04T22:20:55.961+09:00  INFO 79964 --- [http-nio-8081-exec-2] o.s.web.servlet.DispatcherServlet        : Initializing Servlet 'dispatcherServlet'
2023-09-04T22:20:55.961+09:00 DEBUG 79964 --- [http-nio-8081-exec-2] o.s.web.servlet.DispatcherServlet        : Detected StandardServletMultipartResolver
2023-09-04T22:20:55.961+09:00 DEBUG 79964 --- [http-nio-8081-exec-2] o.s.web.servlet.DispatcherServlet        : Detected AcceptHeaderLocaleResolver
2023-09-04T22:20:55.961+09:00 DEBUG 79964 --- [http-nio-8081-exec-2] o.s.web.servlet.DispatcherServlet        : Detected FixedThemeResolver
2023-09-04T22:20:55.961+09:00 DEBUG 79964 --- [http-nio-8081-exec-2] o.s.web.servlet.DispatcherServlet        : Detected org.springframework.web.servlet.view.DefaultRequestToViewNameTranslator@519facfa
2023-09-04T22:20:55.962+09:00 DEBUG 79964 --- [http-nio-8081-exec-2] o.s.web.servlet.DispatcherServlet        : Detected org.springframework.web.servlet.support.SessionFlashMapManager@5ac47843
2023-09-04T22:20:55.962+09:00 DEBUG 79964 --- [http-nio-8081-exec-2] o.s.web.servlet.DispatcherServlet        : enableLoggingRequestDetails='false': request parameters and headers will be masked to prevent unsafe logging of potentially sensitive data
2023-09-04T22:20:55.962+09:00  INFO 79964 --- [http-nio-8081-exec-2] o.s.web.servlet.DispatcherServlet        : Completed initialization in 1 ms
2023-09-04T22:20:55.966+09:00 DEBUG 79964 --- [http-nio-8081-exec-2] o.s.security.web.FilterChainProxy        : Securing POST /accounts
2023-09-04T22:20:55.971+09:00 DEBUG 79964 --- [http-nio-8081-exec-2] o.s.security.web.FilterChainProxy        : Secured POST /accounts
2023-09-04T22:20:55.972+09:00 DEBUG 79964 --- [http-nio-8081-exec-2] o.s.web.servlet.DispatcherServlet        : POST "/accounts", parameters={}
2023-09-04T22:20:55.979+09:00 DEBUG 79964 --- [http-nio-8081-exec-2] s.w.s.m.m.a.RequestMappingHandlerMapping : Mapped to com.forstuad.bankserver.controller.BankController#create(CreateAccountRequestDto)
2023-09-04T22:20:56.025+09:00 DEBUG 79964 --- [http-nio-8081-exec-2] m.m.a.RequestResponseBodyMethodProcessor : Read "application/json;charset=UTF-8" to [CreateAccountRequestDto(userId=1)]
2023-09-04T22:20:56.146+09:00 DEBUG 79964 --- [http-nio-8081-exec-2] o.s.w.s.m.m.a.HttpEntityMethodProcessor  : Using 'application/json', given [*/*] and supported [application/json, application/*+json]
2023-09-04T22:20:56.146+09:00 DEBUG 79964 --- [http-nio-8081-exec-2] o.s.w.s.m.m.a.HttpEntityMethodProcessor  : Writing [{account=com.forstuad.bankserver.domain.Account@5b4d3ae9, status=success}]
2023-09-04T22:20:56.160+09:00 DEBUG 79964 --- [http-nio-8081-exec-2] o.s.web.servlet.DispatcherServlet        : Completed 201 CREATED
2023-09-04T22:20:56.161+09:00 DEBUG 79964 --- [http-nio-8081-exec-2] o.s.s.w.a.AnonymousAuthenticationFilter  : Set SecurityContextHolder to anonymous SecurityContext
2023-09-04T22:21:00.824+09:00 DEBUG 79964 --- [http-nio-8081-exec-3] o.s.security.web.FilterChainProxy        : Securing POST /accounts
2023-09-04T22:21:00.825+09:00 DEBUG 79964 --- [http-nio-8081-exec-3] o.s.security.web.FilterChainProxy        : Secured POST /accounts
2023-09-04T22:21:00.825+09:00 DEBUG 79964 --- [http-nio-8081-exec-3] o.s.web.servlet.DispatcherServlet        : POST "/accounts", parameters={}
2023-09-04T22:21:00.825+09:00 DEBUG 79964 --- [http-nio-8081-exec-3] s.w.s.m.m.a.RequestMappingHandlerMapping : Mapped to com.forstuad.bankserver.controller.BankController#create(CreateAccountRequestDto)
2023-09-04T22:21:00.825+09:00 DEBUG 79964 --- [http-nio-8081-exec-3] m.m.a.RequestResponseBodyMethodProcessor : Read "application/json;charset=UTF-8" to [CreateAccountRequestDto(userId=2)]
2023-09-04T22:21:00.831+09:00 DEBUG 79964 --- [http-nio-8081-exec-3] o.s.w.s.m.m.a.HttpEntityMethodProcessor  : Using 'application/json', given [*/*] and supported [application/json, application/*+json]
2023-09-04T22:21:00.831+09:00 DEBUG 79964 --- [http-nio-8081-exec-3] o.s.w.s.m.m.a.HttpEntityMethodProcessor  : Writing [{account=com.forstuad.bankserver.domain.Account@9e99424, status=success}]
2023-09-04T22:21:00.832+09:00 DEBUG 79964 --- [http-nio-8081-exec-3] o.s.web.servlet.DispatcherServlet        : Completed 201 CREATED
2023-09-04T22:21:00.832+09:00 DEBUG 79964 --- [http-nio-8081-exec-3] o.s.s.w.a.AnonymousAuthenticationFilter  : Set SecurityContextHolder to anonymous SecurityContext
2023-09-04T22:21:03.199+09:00 DEBUG 79964 --- [http-nio-8081-exec-4] o.s.security.web.FilterChainProxy        : Securing POST /accounts
2023-09-04T22:21:03.199+09:00 DEBUG 79964 --- [http-nio-8081-exec-4] o.s.security.web.FilterChainProxy        : Secured POST /accounts
2023-09-04T22:21:03.199+09:00 DEBUG 79964 --- [http-nio-8081-exec-4] o.s.web.servlet.DispatcherServlet        : POST "/accounts", parameters={}
2023-09-04T22:21:03.199+09:00 DEBUG 79964 --- [http-nio-8081-exec-4] s.w.s.m.m.a.RequestMappingHandlerMapping : Mapped to com.forstuad.bankserver.controller.BankController#create(CreateAccountRequestDto)
2023-09-04T22:21:03.199+09:00 DEBUG 79964 --- [http-nio-8081-exec-4] m.m.a.RequestResponseBodyMethodProcessor : Read "application/json;charset=UTF-8" to [CreateAccountRequestDto(userId=3)]
2023-09-04T22:21:03.208+09:00 DEBUG 79964 --- [http-nio-8081-exec-4] o.s.w.s.m.m.a.HttpEntityMethodProcessor  : Using 'application/json', given [*/*] and supported [application/json, application/*+json]
2023-09-04T22:21:03.208+09:00 DEBUG 79964 --- [http-nio-8081-exec-4] o.s.w.s.m.m.a.HttpEntityMethodProcessor  : Writing [{account=com.forstuad.bankserver.domain.Account@4cbeddc, status=success}]
2023-09-04T22:21:03.209+09:00 DEBUG 79964 --- [http-nio-8081-exec-4] o.s.web.servlet.DispatcherServlet        : Completed 201 CREATED
2023-09-04T22:21:03.209+09:00 DEBUG 79964 --- [http-nio-8081-exec-4] o.s.s.w.a.AnonymousAuthenticationFilter  : Set SecurityContextHolder to anonymous SecurityContext
2023-09-04T22:21:05.657+09:00 DEBUG 79964 --- [http-nio-8081-exec-5] o.s.security.web.FilterChainProxy        : Securing POST /accounts
2023-09-04T22:21:05.657+09:00 DEBUG 79964 --- [http-nio-8081-exec-5] o.s.security.web.FilterChainProxy        : Secured POST /accounts
2023-09-04T22:21:05.657+09:00 DEBUG 79964 --- [http-nio-8081-exec-5] o.s.web.servlet.DispatcherServlet        : POST "/accounts", parameters={}
2023-09-04T22:21:05.657+09:00 DEBUG 79964 --- [http-nio-8081-exec-5] s.w.s.m.m.a.RequestMappingHandlerMapping : Mapped to com.forstuad.bankserver.controller.BankController#create(CreateAccountRequestDto)
2023-09-04T22:21:05.657+09:00 DEBUG 79964 --- [http-nio-8081-exec-5] m.m.a.RequestResponseBodyMethodProcessor : Read "application/json;charset=UTF-8" to [CreateAccountRequestDto(userId=4)]
2023-09-04T22:21:05.664+09:00 DEBUG 79964 --- [http-nio-8081-exec-5] o.s.w.s.m.m.a.HttpEntityMethodProcessor  : Using 'application/json', given [*/*] and supported [application/json, application/*+json]
2023-09-04T22:21:05.665+09:00 DEBUG 79964 --- [http-nio-8081-exec-5] o.s.w.s.m.m.a.HttpEntityMethodProcessor  : Writing [{account=com.forstuad.bankserver.domain.Account@7215e185, status=success}]
2023-09-04T22:21:05.665+09:00 DEBUG 79964 --- [http-nio-8081-exec-5] o.s.web.servlet.DispatcherServlet        : Completed 201 CREATED
2023-09-04T22:21:05.665+09:00 DEBUG 79964 --- [http-nio-8081-exec-5] o.s.s.w.a.AnonymousAuthenticationFilter  : Set SecurityContextHolder to anonymous SecurityContext
2023-09-04T22:21:08.227+09:00 DEBUG 79964 --- [http-nio-8081-exec-6] o.s.security.web.FilterChainProxy        : Securing POST /accounts
2023-09-04T22:21:08.228+09:00 DEBUG 79964 --- [http-nio-8081-exec-6] o.s.security.web.FilterChainProxy        : Secured POST /accounts
2023-09-04T22:21:08.228+09:00 DEBUG 79964 --- [http-nio-8081-exec-6] o.s.web.servlet.DispatcherServlet        : POST "/accounts", parameters={}
2023-09-04T22:21:08.228+09:00 DEBUG 79964 --- [http-nio-8081-exec-6] s.w.s.m.m.a.RequestMappingHandlerMapping : Mapped to com.forstuad.bankserver.controller.BankController#create(CreateAccountRequestDto)
2023-09-04T22:21:08.228+09:00 DEBUG 79964 --- [http-nio-8081-exec-6] m.m.a.RequestResponseBodyMethodProcessor : Read "application/json;charset=UTF-8" to [CreateAccountRequestDto(userId=5)]
2023-09-04T22:21:08.235+09:00 DEBUG 79964 --- [http-nio-8081-exec-6] o.s.w.s.m.m.a.HttpEntityMethodProcessor  : Using 'application/json', given [*/*] and supported [application/json, application/*+json]
2023-09-04T22:21:08.235+09:00 DEBUG 79964 --- [http-nio-8081-exec-6] o.s.w.s.m.m.a.HttpEntityMethodProcessor  : Writing [{account=com.forstuad.bankserver.domain.Account@1d4ab7bb, status=success}]
2023-09-04T22:21:08.236+09:00 DEBUG 79964 --- [http-nio-8081-exec-6] o.s.web.servlet.DispatcherServlet        : Completed 201 CREATED
2023-09-04T22:21:08.236+09:00 DEBUG 79964 --- [http-nio-8081-exec-6] o.s.s.w.a.AnonymousAuthenticationFilter  : Set SecurityContextHolder to anonymous SecurityContext
2023-09-04T22:21:11.358+09:00 DEBUG 79964 --- [http-nio-8081-exec-7] o.s.security.web.FilterChainProxy        : Securing POST /accounts
2023-09-04T22:21:11.358+09:00 DEBUG 79964 --- [http-nio-8081-exec-7] o.s.security.web.FilterChainProxy        : Secured POST /accounts
2023-09-04T22:21:11.358+09:00 DEBUG 79964 --- [http-nio-8081-exec-7] o.s.web.servlet.DispatcherServlet        : POST "/accounts", parameters={}
2023-09-04T22:21:11.359+09:00 DEBUG 79964 --- [http-nio-8081-exec-7] s.w.s.m.m.a.RequestMappingHandlerMapping : Mapped to com.forstuad.bankserver.controller.BankController#create(CreateAccountRequestDto)
2023-09-04T22:21:11.359+09:00 DEBUG 79964 --- [http-nio-8081-exec-7] m.m.a.RequestResponseBodyMethodProcessor : Read "application/json;charset=UTF-8" to [CreateAccountRequestDto(userId=6)]
2023-09-04T22:21:11.366+09:00 DEBUG 79964 --- [http-nio-8081-exec-7] o.s.w.s.m.m.a.HttpEntityMethodProcessor  : Using 'application/json', given [*/*] and supported [application/json, application/*+json]
2023-09-04T22:21:11.367+09:00 DEBUG 79964 --- [http-nio-8081-exec-7] o.s.w.s.m.m.a.HttpEntityMethodProcessor  : Writing [{account=com.forstuad.bankserver.domain.Account@6127012f, status=success}]
2023-09-04T22:21:11.367+09:00 DEBUG 79964 --- [http-nio-8081-exec-7] o.s.web.servlet.DispatcherServlet        : Completed 201 CREATED
2023-09-04T22:21:11.367+09:00 DEBUG 79964 --- [http-nio-8081-exec-7] o.s.s.w.a.AnonymousAuthenticationFilter  : Set SecurityContextHolder to anonymous SecurityContext
2023-09-04T22:22:11.041+09:00 DEBUG 79964 --- [http-nio-8081-exec-8] o.s.security.web.FilterChainProxy        : Securing POST /accounts/deposit
2023-09-04T22:22:11.041+09:00 DEBUG 79964 --- [http-nio-8081-exec-8] o.s.security.web.FilterChainProxy        : Secured POST /accounts/deposit
2023-09-04T22:22:11.041+09:00 DEBUG 79964 --- [http-nio-8081-exec-8] o.s.web.servlet.DispatcherServlet        : POST "/accounts/deposit", parameters={}
2023-09-04T22:22:11.041+09:00 DEBUG 79964 --- [http-nio-8081-exec-8] s.w.s.m.m.a.RequestMappingHandlerMapping : Mapped to com.forstuad.bankserver.controller.BankController#deposit(DepositAccountRequestDto)
2023-09-04T22:22:11.042+09:00 DEBUG 79964 --- [http-nio-8081-exec-8] m.m.a.RequestResponseBodyMethodProcessor : Read "application/json;charset=UTF-8" to [DepositAccountRequestDto(accountId=133-445-750587, amount=15000)]
2023-09-04T22:22:11.060+09:00 DEBUG 79964 --- [http-nio-8081-exec-8] o.s.w.s.m.m.a.HttpEntityMethodProcessor  : Using 'application/json', given [*/*] and supported [application/json, application/*+json]
2023-09-04T22:22:11.060+09:00 DEBUG 79964 --- [http-nio-8081-exec-8] o.s.w.s.m.m.a.HttpEntityMethodProcessor  : Writing [{status=success}]
2023-09-04T22:22:11.061+09:00 DEBUG 79964 --- [http-nio-8081-exec-8] o.s.web.servlet.DispatcherServlet        : Completed 201 CREATED
2023-09-04T22:22:11.061+09:00 DEBUG 79964 --- [http-nio-8081-exec-8] o.s.s.w.a.AnonymousAuthenticationFilter  : Set SecurityContextHolder to anonymous SecurityContext
2023-09-04T22:22:25.097+09:00 DEBUG 79964 --- [http-nio-8081-exec-9] o.s.security.web.FilterChainProxy        : Securing POST /accounts/deposit
2023-09-04T22:22:25.098+09:00 DEBUG 79964 --- [http-nio-8081-exec-9] o.s.security.web.FilterChainProxy        : Secured POST /accounts/deposit
2023-09-04T22:22:25.098+09:00 DEBUG 79964 --- [http-nio-8081-exec-9] o.s.web.servlet.DispatcherServlet        : POST "/accounts/deposit", parameters={}
2023-09-04T22:22:25.098+09:00 DEBUG 79964 --- [http-nio-8081-exec-9] s.w.s.m.m.a.RequestMappingHandlerMapping : Mapped to com.forstuad.bankserver.controller.BankController#deposit(DepositAccountRequestDto)
2023-09-04T22:22:25.098+09:00 DEBUG 79964 --- [http-nio-8081-exec-9] m.m.a.RequestResponseBodyMethodProcessor : Read "application/json;charset=UTF-8" to [DepositAccountRequestDto(accountId=130-728-828852, amount=50000)]
2023-09-04T22:22:25.106+09:00 DEBUG 79964 --- [http-nio-8081-exec-9] o.s.w.s.m.m.a.HttpEntityMethodProcessor  : Using 'application/json', given [*/*] and supported [application/json, application/*+json]
2023-09-04T22:22:25.106+09:00 DEBUG 79964 --- [http-nio-8081-exec-9] o.s.w.s.m.m.a.HttpEntityMethodProcessor  : Writing [{status=success}]
2023-09-04T22:22:25.106+09:00 DEBUG 79964 --- [http-nio-8081-exec-9] o.s.web.servlet.DispatcherServlet        : Completed 201 CREATED
2023-09-04T22:22:25.107+09:00 DEBUG 79964 --- [http-nio-8081-exec-9] o.s.s.w.a.AnonymousAuthenticationFilter  : Set SecurityContextHolder to anonymous SecurityContext
2023-09-04T22:22:44.120+09:00 DEBUG 79964 --- [http-nio-8081-exec-10] o.s.security.web.FilterChainProxy        : Securing POST /accounts/transactions
2023-09-04T22:22:44.120+09:00 DEBUG 79964 --- [http-nio-8081-exec-10] o.s.security.web.FilterChainProxy        : Secured POST /accounts/transactions
2023-09-04T22:22:44.120+09:00 DEBUG 79964 --- [http-nio-8081-exec-10] o.s.web.servlet.DispatcherServlet        : POST "/accounts/transactions", parameters={}
2023-09-04T22:22:44.120+09:00 DEBUG 79964 --- [http-nio-8081-exec-10] s.w.s.m.m.a.RequestMappingHandlerMapping : Mapped to com.forstuad.bankserver.controller.BankController#transfer(TransferAccountRequestDto)
2023-09-04T22:22:44.122+09:00 DEBUG 79964 --- [http-nio-8081-exec-10] m.m.a.RequestResponseBodyMethodProcessor : Read "application/json;charset=UTF-8" to [TransferAccountRequestDto(sender=130-728-828852, receiver=133-445-750587, amount=500)]
2023-09-04T22:22:44.139+09:00 DEBUG 79964 --- [http-nio-8081-exec-10] o.s.w.s.m.m.a.HttpEntityMethodProcessor  : Using 'application/json', given [*/*] and supported [application/json, application/*+json]
2023-09-04T22:22:44.140+09:00 DEBUG 79964 --- [http-nio-8081-exec-10] o.s.w.s.m.m.a.HttpEntityMethodProcessor  : Writing [{message=Transfer successful, status=success}]
2023-09-04T22:22:44.140+09:00 DEBUG 79964 --- [http-nio-8081-exec-10] o.s.web.servlet.DispatcherServlet        : Completed 202 ACCEPTED
2023-09-04T22:22:44.140+09:00 DEBUG 79964 --- [http-nio-8081-exec-10] o.s.s.w.a.AnonymousAuthenticationFilter  : Set SecurityContextHolder to anonymous SecurityContext
2023-09-04T22:22:58.248+09:00 DEBUG 79964 --- [http-nio-8081-exec-1] o.s.security.web.FilterChainProxy        : Securing POST /accounts/transactions
2023-09-04T22:22:58.248+09:00 DEBUG 79964 --- [http-nio-8081-exec-1] o.s.security.web.FilterChainProxy        : Secured POST /accounts/transactions
2023-09-04T22:22:58.248+09:00 DEBUG 79964 --- [http-nio-8081-exec-1] o.s.web.servlet.DispatcherServlet        : POST "/accounts/transactions", parameters={}
2023-09-04T22:22:58.249+09:00 DEBUG 79964 --- [http-nio-8081-exec-1] s.w.s.m.m.a.RequestMappingHandlerMapping : Mapped to com.forstuad.bankserver.controller.BankController#transfer(TransferAccountRequestDto)
2023-09-04T22:22:58.249+09:00 DEBUG 79964 --- [http-nio-8081-exec-1] m.m.a.RequestResponseBodyMethodProcessor : Read "application/json;charset=UTF-8" to [TransferAccountRequestDto(sender=130-728-828852, receiver=133-445-750587, amount=999999999)]
2023-09-04T22:22:58.254+09:00 DEBUG 79964 --- [http-nio-8081-exec-1] o.s.w.s.m.m.a.HttpEntityMethodProcessor  : Using 'application/json', given [*/*] and supported [application/json, application/*+json]
2023-09-04T22:22:58.255+09:00 DEBUG 79964 --- [http-nio-8081-exec-1] o.s.w.s.m.m.a.HttpEntityMethodProcessor  : Writing [{message=Transfer failed: 잔액이 부족합니다., status=failed}]
2023-09-04T22:22:58.255+09:00 DEBUG 79964 --- [http-nio-8081-exec-1] o.s.web.servlet.DispatcherServlet        : Completed 400 BAD_REQUEST
2023-09-04T22:22:58.255+09:00 DEBUG 79964 --- [http-nio-8081-exec-1] o.s.s.w.a.AnonymousAuthenticationFilter  : Set SecurityContextHolder to anonymous SecurityContext
2023-09-04T22:23:42.958+09:00 DEBUG 79964 --- [http-nio-8081-exec-3] o.s.security.web.FilterChainProxy        : Securing GET /accounts
2023-09-04T22:23:42.958+09:00 DEBUG 79964 --- [http-nio-8081-exec-3] o.s.security.web.FilterChainProxy        : Secured GET /accounts
2023-09-04T22:23:42.958+09:00 DEBUG 79964 --- [http-nio-8081-exec-3] o.s.web.servlet.DispatcherServlet        : GET "/accounts", parameters={}
2023-09-04T22:23:42.958+09:00 DEBUG 79964 --- [http-nio-8081-exec-3] s.w.s.m.m.a.RequestMappingHandlerMapping : Mapped to com.forstuad.bankserver.controller.BankController#accountList(AllAccountRequestDto)
2023-09-04T22:23:42.962+09:00  WARN 79964 --- [http-nio-8081-exec-3] .w.s.m.s.DefaultHandlerExceptionResolver : Resolved [org.springframework.http.converter.HttpMessageNotReadableException: Required request body is missing: public org.springframework.http.ResponseEntity<java.util.Map<java.lang.String, java.lang.Object>> com.forstuad.bankserver.controller.BankController.accountList(com.forstuad.bankserver.dto.request.AllAccountRequestDto)]
2023-09-04T22:23:42.962+09:00 DEBUG 79964 --- [http-nio-8081-exec-3] o.s.web.servlet.DispatcherServlet        : Completed 400 BAD_REQUEST
2023-09-04T22:23:42.962+09:00 DEBUG 79964 --- [http-nio-8081-exec-3] o.s.s.w.a.AnonymousAuthenticationFilter  : Set SecurityContextHolder to anonymous SecurityContext
2023-09-04T22:23:42.965+09:00 DEBUG 79964 --- [http-nio-8081-exec-3] o.s.security.web.FilterChainProxy        : Securing GET /error
2023-09-04T22:23:42.965+09:00 DEBUG 79964 --- [http-nio-8081-exec-3] o.s.security.web.FilterChainProxy        : Secured GET /error
2023-09-04T22:23:42.966+09:00 DEBUG 79964 --- [http-nio-8081-exec-3] o.s.web.servlet.DispatcherServlet        : "ERROR" dispatch for GET "/error", parameters={}
2023-09-04T22:23:42.966+09:00 DEBUG 79964 --- [http-nio-8081-exec-3] s.w.s.m.m.a.RequestMappingHandlerMapping : Mapped to org.springframework.boot.autoconfigure.web.servlet.error.BasicErrorController#error(HttpServletRequest)
2023-09-04T22:23:42.970+09:00 DEBUG 79964 --- [http-nio-8081-exec-3] o.s.w.s.m.m.a.HttpEntityMethodProcessor  : Using 'application/json', given [*/*] and supported [application/json, application/*+json]
2023-09-04T22:23:42.970+09:00 DEBUG 79964 --- [http-nio-8081-exec-3] o.s.w.s.m.m.a.HttpEntityMethodProcessor  : Writing [{timestamp=Mon Sep 04 22:23:42 KST 2023, status=400, error=Bad Request, trace=org.springframework.ht (truncated)...]
2023-09-04T22:23:42.974+09:00 DEBUG 79964 --- [http-nio-8081-exec-3] o.s.web.servlet.DispatcherServlet        : Exiting from "ERROR" dispatch, status 400
2023-09-04T22:23:42.975+09:00 DEBUG 79964 --- [http-nio-8081-exec-3] o.s.s.w.a.AnonymousAuthenticationFilter  : Set SecurityContextHolder to anonymous SecurityContext
2023-09-04T22:24:55.380+09:00 DEBUG 79964 --- [http-nio-8081-exec-5] o.s.security.web.FilterChainProxy        : Securing GET /accounts
2023-09-04T22:24:55.381+09:00 DEBUG 79964 --- [http-nio-8081-exec-5] o.s.security.web.FilterChainProxy        : Secured GET /accounts
2023-09-04T22:24:55.381+09:00 DEBUG 79964 --- [http-nio-8081-exec-5] o.s.web.servlet.DispatcherServlet        : GET "/accounts", parameters={}
2023-09-04T22:24:55.381+09:00 DEBUG 79964 --- [http-nio-8081-exec-5] s.w.s.m.m.a.RequestMappingHandlerMapping : Mapped to com.forstuad.bankserver.controller.BankController#accountList(AllAccountRequestDto)
2023-09-04T22:24:55.382+09:00 DEBUG 79964 --- [http-nio-8081-exec-5] m.m.a.RequestResponseBodyMethodProcessor : Read "application/json;charset=UTF-8" to [AllAccountRequestDto(userId=1)]
2023-09-04T22:24:55.384+09:00 DEBUG 79964 --- [http-nio-8081-exec-5] o.s.w.s.m.m.a.HttpEntityMethodProcessor  : Using 'application/json', given [*/*] and supported [application/json, application/*+json]
2023-09-04T22:24:55.385+09:00 DEBUG 79964 --- [http-nio-8081-exec-5] o.s.w.s.m.m.a.HttpEntityMethodProcessor  : Writing [{accountList=[AccountResponseDto(accountId=133-445-750587, balance=15500, groupId=0, isGroup=false)] (truncated)...]
2023-09-04T22:24:55.387+09:00 DEBUG 79964 --- [http-nio-8081-exec-5] o.s.web.servlet.DispatcherServlet        : Completed 202 ACCEPTED
2023-09-04T22:24:55.387+09:00 DEBUG 79964 --- [http-nio-8081-exec-5] o.s.s.w.a.AnonymousAuthenticationFilter  : Set SecurityContextHolder to anonymous SecurityContext
2023-09-04T22:25:09.045+09:00 DEBUG 79964 --- [http-nio-8081-exec-6] o.s.security.web.FilterChainProxy        : Securing POST /accounts
2023-09-04T22:25:09.045+09:00 DEBUG 79964 --- [http-nio-8081-exec-6] o.s.security.web.FilterChainProxy        : Secured POST /accounts
2023-09-04T22:25:09.046+09:00 DEBUG 79964 --- [http-nio-8081-exec-6] o.s.web.servlet.DispatcherServlet        : POST "/accounts", parameters={}
2023-09-04T22:25:09.046+09:00 DEBUG 79964 --- [http-nio-8081-exec-6] s.w.s.m.m.a.RequestMappingHandlerMapping : Mapped to com.forstuad.bankserver.controller.BankController#create(CreateAccountRequestDto)
2023-09-04T22:25:09.047+09:00 DEBUG 79964 --- [http-nio-8081-exec-6] m.m.a.RequestResponseBodyMethodProcessor : Read "application/json;charset=UTF-8" to [CreateAccountRequestDto(userId=1)]
2023-09-04T22:25:09.053+09:00 DEBUG 79964 --- [http-nio-8081-exec-6] o.s.w.s.m.m.a.HttpEntityMethodProcessor  : Using 'application/json', given [*/*] and supported [application/json, application/*+json]
2023-09-04T22:25:09.053+09:00 DEBUG 79964 --- [http-nio-8081-exec-6] o.s.w.s.m.m.a.HttpEntityMethodProcessor  : Writing [{account=com.forstuad.bankserver.domain.Account@1340e8dd, status=success}]
2023-09-04T22:25:09.054+09:00 DEBUG 79964 --- [http-nio-8081-exec-6] o.s.web.servlet.DispatcherServlet        : Completed 201 CREATED
2023-09-04T22:25:09.054+09:00 DEBUG 79964 --- [http-nio-8081-exec-6] o.s.s.w.a.AnonymousAuthenticationFilter  : Set SecurityContextHolder to anonymous SecurityContext
2023-09-04T22:25:11.269+09:00 DEBUG 79964 --- [http-nio-8081-exec-7] o.s.security.web.FilterChainProxy        : Securing POST /accounts
2023-09-04T22:25:11.269+09:00 DEBUG 79964 --- [http-nio-8081-exec-7] o.s.security.web.FilterChainProxy        : Secured POST /accounts
2023-09-04T22:25:11.269+09:00 DEBUG 79964 --- [http-nio-8081-exec-7] o.s.web.servlet.DispatcherServlet        : POST "/accounts", parameters={}
2023-09-04T22:25:11.269+09:00 DEBUG 79964 --- [http-nio-8081-exec-7] s.w.s.m.m.a.RequestMappingHandlerMapping : Mapped to com.forstuad.bankserver.controller.BankController#create(CreateAccountRequestDto)
2023-09-04T22:25:11.270+09:00 DEBUG 79964 --- [http-nio-8081-exec-7] m.m.a.RequestResponseBodyMethodProcessor : Read "application/json;charset=UTF-8" to [CreateAccountRequestDto(userId=1)]
2023-09-04T22:25:11.276+09:00 DEBUG 79964 --- [http-nio-8081-exec-7] o.s.w.s.m.m.a.HttpEntityMethodProcessor  : Using 'application/json', given [*/*] and supported [application/json, application/*+json]
2023-09-04T22:25:11.277+09:00 DEBUG 79964 --- [http-nio-8081-exec-7] o.s.w.s.m.m.a.HttpEntityMethodProcessor  : Writing [{account=com.forstuad.bankserver.domain.Account@50dda17b, status=success}]
2023-09-04T22:25:11.277+09:00 DEBUG 79964 --- [http-nio-8081-exec-7] o.s.web.servlet.DispatcherServlet        : Completed 201 CREATED
2023-09-04T22:25:11.277+09:00 DEBUG 79964 --- [http-nio-8081-exec-7] o.s.s.w.a.AnonymousAuthenticationFilter  : Set SecurityContextHolder to anonymous SecurityContext
2023-09-04T22:25:11.869+09:00 DEBUG 79964 --- [http-nio-8081-exec-8] o.s.security.web.FilterChainProxy        : Securing POST /accounts
2023-09-04T22:25:11.869+09:00 DEBUG 79964 --- [http-nio-8081-exec-8] o.s.security.web.FilterChainProxy        : Secured POST /accounts
2023-09-04T22:25:11.869+09:00 DEBUG 79964 --- [http-nio-8081-exec-8] o.s.web.servlet.DispatcherServlet        : POST "/accounts", parameters={}
2023-09-04T22:25:11.869+09:00 DEBUG 79964 --- [http-nio-8081-exec-8] s.w.s.m.m.a.RequestMappingHandlerMapping : Mapped to com.forstuad.bankserver.controller.BankController#create(CreateAccountRequestDto)
2023-09-04T22:25:11.870+09:00 DEBUG 79964 --- [http-nio-8081-exec-8] m.m.a.RequestResponseBodyMethodProcessor : Read "application/json;charset=UTF-8" to [CreateAccountRequestDto(userId=1)]
2023-09-04T22:25:11.876+09:00 DEBUG 79964 --- [http-nio-8081-exec-8] o.s.w.s.m.m.a.HttpEntityMethodProcessor  : Using 'application/json', given [*/*] and supported [application/json, application/*+json]
2023-09-04T22:25:11.876+09:00 DEBUG 79964 --- [http-nio-8081-exec-8] o.s.w.s.m.m.a.HttpEntityMethodProcessor  : Writing [{account=com.forstuad.bankserver.domain.Account@1afe8b4e, status=success}]
2023-09-04T22:25:11.877+09:00 DEBUG 79964 --- [http-nio-8081-exec-8] o.s.web.servlet.DispatcherServlet        : Completed 201 CREATED
2023-09-04T22:25:11.877+09:00 DEBUG 79964 --- [http-nio-8081-exec-8] o.s.s.w.a.AnonymousAuthenticationFilter  : Set SecurityContextHolder to anonymous SecurityContext
2023-09-04T22:25:12.451+09:00 DEBUG 79964 --- [http-nio-8081-exec-9] o.s.security.web.FilterChainProxy        : Securing POST /accounts
2023-09-04T22:25:12.451+09:00 DEBUG 79964 --- [http-nio-8081-exec-9] o.s.security.web.FilterChainProxy        : Secured POST /accounts
2023-09-04T22:25:12.451+09:00 DEBUG 79964 --- [http-nio-8081-exec-9] o.s.web.servlet.DispatcherServlet        : POST "/accounts", parameters={}
2023-09-04T22:25:12.451+09:00 DEBUG 79964 --- [http-nio-8081-exec-9] s.w.s.m.m.a.RequestMappingHandlerMapping : Mapped to com.forstuad.bankserver.controller.BankController#create(CreateAccountRequestDto)
2023-09-04T22:25:12.452+09:00 DEBUG 79964 --- [http-nio-8081-exec-9] m.m.a.RequestResponseBodyMethodProcessor : Read "application/json;charset=UTF-8" to [CreateAccountRequestDto(userId=1)]
2023-09-04T22:25:12.457+09:00 DEBUG 79964 --- [http-nio-8081-exec-9] o.s.w.s.m.m.a.HttpEntityMethodProcessor  : Using 'application/json', given [*/*] and supported [application/json, application/*+json]
2023-09-04T22:25:12.457+09:00 DEBUG 79964 --- [http-nio-8081-exec-9] o.s.w.s.m.m.a.HttpEntityMethodProcessor  : Writing [{account=com.forstuad.bankserver.domain.Account@4cc4d14a, status=success}]
2023-09-04T22:25:12.458+09:00 DEBUG 79964 --- [http-nio-8081-exec-9] o.s.web.servlet.DispatcherServlet        : Completed 201 CREATED
2023-09-04T22:25:12.458+09:00 DEBUG 79964 --- [http-nio-8081-exec-9] o.s.s.w.a.AnonymousAuthenticationFilter  : Set SecurityContextHolder to anonymous SecurityContext
2023-09-04T22:25:13.023+09:00 DEBUG 79964 --- [http-nio-8081-exec-10] o.s.security.web.FilterChainProxy        : Securing POST /accounts
2023-09-04T22:25:13.023+09:00 DEBUG 79964 --- [http-nio-8081-exec-10] o.s.security.web.FilterChainProxy        : Secured POST /accounts
2023-09-04T22:25:13.023+09:00 DEBUG 79964 --- [http-nio-8081-exec-10] o.s.web.servlet.DispatcherServlet        : POST "/accounts", parameters={}
2023-09-04T22:25:13.024+09:00 DEBUG 79964 --- [http-nio-8081-exec-10] s.w.s.m.m.a.RequestMappingHandlerMapping : Mapped to com.forstuad.bankserver.controller.BankController#create(CreateAccountRequestDto)
2023-09-04T22:25:13.024+09:00 DEBUG 79964 --- [http-nio-8081-exec-10] m.m.a.RequestResponseBodyMethodProcessor : Read "application/json;charset=UTF-8" to [CreateAccountRequestDto(userId=1)]
2023-09-04T22:25:13.029+09:00 DEBUG 79964 --- [http-nio-8081-exec-10] o.s.w.s.m.m.a.HttpEntityMethodProcessor  : Using 'application/json', given [*/*] and supported [application/json, application/*+json]
2023-09-04T22:25:13.029+09:00 DEBUG 79964 --- [http-nio-8081-exec-10] o.s.w.s.m.m.a.HttpEntityMethodProcessor  : Writing [{account=com.forstuad.bankserver.domain.Account@60805764, status=success}]
2023-09-04T22:25:13.029+09:00 DEBUG 79964 --- [http-nio-8081-exec-10] o.s.web.servlet.DispatcherServlet        : Completed 201 CREATED
2023-09-04T22:25:13.029+09:00 DEBUG 79964 --- [http-nio-8081-exec-10] o.s.s.w.a.AnonymousAuthenticationFilter  : Set SecurityContextHolder to anonymous SecurityContext
2023-09-04T22:25:13.715+09:00 DEBUG 79964 --- [http-nio-8081-exec-1] o.s.security.web.FilterChainProxy        : Securing POST /accounts
2023-09-04T22:25:13.715+09:00 DEBUG 79964 --- [http-nio-8081-exec-1] o.s.security.web.FilterChainProxy        : Secured POST /accounts
2023-09-04T22:25:13.715+09:00 DEBUG 79964 --- [http-nio-8081-exec-1] o.s.web.servlet.DispatcherServlet        : POST "/accounts", parameters={}
2023-09-04T22:25:13.716+09:00 DEBUG 79964 --- [http-nio-8081-exec-1] s.w.s.m.m.a.RequestMappingHandlerMapping : Mapped to com.forstuad.bankserver.controller.BankController#create(CreateAccountRequestDto)
2023-09-04T22:25:13.716+09:00 DEBUG 79964 --- [http-nio-8081-exec-1] m.m.a.RequestResponseBodyMethodProcessor : Read "application/json;charset=UTF-8" to [CreateAccountRequestDto(userId=1)]
2023-09-04T22:25:13.721+09:00 DEBUG 79964 --- [http-nio-8081-exec-1] o.s.w.s.m.m.a.HttpEntityMethodProcessor  : Using 'application/json', given [*/*] and supported [application/json, application/*+json]
2023-09-04T22:25:13.721+09:00 DEBUG 79964 --- [http-nio-8081-exec-1] o.s.w.s.m.m.a.HttpEntityMethodProcessor  : Writing [{account=com.forstuad.bankserver.domain.Account@57841d52, status=success}]
2023-09-04T22:25:13.721+09:00 DEBUG 79964 --- [http-nio-8081-exec-1] o.s.web.servlet.DispatcherServlet        : Completed 201 CREATED
2023-09-04T22:25:13.721+09:00 DEBUG 79964 --- [http-nio-8081-exec-1] o.s.s.w.a.AnonymousAuthenticationFilter  : Set SecurityContextHolder to anonymous SecurityContext
2023-09-04T22:25:14.220+09:00 DEBUG 79964 --- [http-nio-8081-exec-2] o.s.security.web.FilterChainProxy        : Securing POST /accounts
2023-09-04T22:25:14.220+09:00 DEBUG 79964 --- [http-nio-8081-exec-2] o.s.security.web.FilterChainProxy        : Secured POST /accounts
2023-09-04T22:25:14.221+09:00 DEBUG 79964 --- [http-nio-8081-exec-2] o.s.web.servlet.DispatcherServlet        : POST "/accounts", parameters={}
2023-09-04T22:25:14.221+09:00 DEBUG 79964 --- [http-nio-8081-exec-2] s.w.s.m.m.a.RequestMappingHandlerMapping : Mapped to com.forstuad.bankserver.controller.BankController#create(CreateAccountRequestDto)
2023-09-04T22:25:14.221+09:00 DEBUG 79964 --- [http-nio-8081-exec-2] m.m.a.RequestResponseBodyMethodProcessor : Read "application/json;charset=UTF-8" to [CreateAccountRequestDto(userId=1)]
2023-09-04T22:25:14.228+09:00 DEBUG 79964 --- [http-nio-8081-exec-2] o.s.w.s.m.m.a.HttpEntityMethodProcessor  : Using 'application/json', given [*/*] and supported [application/json, application/*+json]
2023-09-04T22:25:14.228+09:00 DEBUG 79964 --- [http-nio-8081-exec-2] o.s.w.s.m.m.a.HttpEntityMethodProcessor  : Writing [{account=com.forstuad.bankserver.domain.Account@d5b2ecf, status=success}]
2023-09-04T22:25:14.229+09:00 DEBUG 79964 --- [http-nio-8081-exec-2] o.s.web.servlet.DispatcherServlet        : Completed 201 CREATED
2023-09-04T22:25:14.229+09:00 DEBUG 79964 --- [http-nio-8081-exec-2] o.s.s.w.a.AnonymousAuthenticationFilter  : Set SecurityContextHolder to anonymous SecurityContext
2023-09-04T22:25:15.175+09:00 DEBUG 79964 --- [http-nio-8081-exec-3] o.s.security.web.FilterChainProxy        : Securing POST /accounts
2023-09-04T22:25:15.176+09:00 DEBUG 79964 --- [http-nio-8081-exec-3] o.s.security.web.FilterChainProxy        : Secured POST /accounts
2023-09-04T22:25:15.176+09:00 DEBUG 79964 --- [http-nio-8081-exec-3] o.s.web.servlet.DispatcherServlet        : POST "/accounts", parameters={}
2023-09-04T22:25:15.176+09:00 DEBUG 79964 --- [http-nio-8081-exec-3] s.w.s.m.m.a.RequestMappingHandlerMapping : Mapped to com.forstuad.bankserver.controller.BankController#create(CreateAccountRequestDto)
2023-09-04T22:25:15.176+09:00 DEBUG 79964 --- [http-nio-8081-exec-3] m.m.a.RequestResponseBodyMethodProcessor : Read "application/json;charset=UTF-8" to [CreateAccountRequestDto(userId=1)]
2023-09-04T22:25:15.181+09:00 DEBUG 79964 --- [http-nio-8081-exec-3] o.s.w.s.m.m.a.HttpEntityMethodProcessor  : Using 'application/json', given [*/*] and supported [application/json, application/*+json]
2023-09-04T22:25:15.181+09:00 DEBUG 79964 --- [http-nio-8081-exec-3] o.s.w.s.m.m.a.HttpEntityMethodProcessor  : Writing [{account=com.forstuad.bankserver.domain.Account@7eae0304, status=success}]
2023-09-04T22:25:15.182+09:00 DEBUG 79964 --- [http-nio-8081-exec-3] o.s.web.servlet.DispatcherServlet        : Completed 201 CREATED
2023-09-04T22:25:15.182+09:00 DEBUG 79964 --- [http-nio-8081-exec-3] o.s.s.w.a.AnonymousAuthenticationFilter  : Set SecurityContextHolder to anonymous SecurityContext
2023-09-04T22:25:15.837+09:00 DEBUG 79964 --- [http-nio-8081-exec-4] o.s.security.web.FilterChainProxy        : Securing POST /accounts
2023-09-04T22:25:15.838+09:00 DEBUG 79964 --- [http-nio-8081-exec-4] o.s.security.web.FilterChainProxy        : Secured POST /accounts
2023-09-04T22:25:15.838+09:00 DEBUG 79964 --- [http-nio-8081-exec-4] o.s.web.servlet.DispatcherServlet        : POST "/accounts", parameters={}
2023-09-04T22:25:15.838+09:00 DEBUG 79964 --- [http-nio-8081-exec-4] s.w.s.m.m.a.RequestMappingHandlerMapping : Mapped to com.forstuad.bankserver.controller.BankController#create(CreateAccountRequestDto)
2023-09-04T22:25:15.838+09:00 DEBUG 79964 --- [http-nio-8081-exec-4] m.m.a.RequestResponseBodyMethodProcessor : Read "application/json;charset=UTF-8" to [CreateAccountRequestDto(userId=1)]
2023-09-04T22:25:15.843+09:00 DEBUG 79964 --- [http-nio-8081-exec-4] o.s.w.s.m.m.a.HttpEntityMethodProcessor  : Using 'application/json', given [*/*] and supported [application/json, application/*+json]
2023-09-04T22:25:15.843+09:00 DEBUG 79964 --- [http-nio-8081-exec-4] o.s.w.s.m.m.a.HttpEntityMethodProcessor  : Writing [{account=com.forstuad.bankserver.domain.Account@4e688ba9, status=success}]
2023-09-04T22:25:15.843+09:00 DEBUG 79964 --- [http-nio-8081-exec-4] o.s.web.servlet.DispatcherServlet        : Completed 201 CREATED
2023-09-04T22:25:15.844+09:00 DEBUG 79964 --- [http-nio-8081-exec-4] o.s.s.w.a.AnonymousAuthenticationFilter  : Set SecurityContextHolder to anonymous SecurityContext
2023-09-04T22:25:16.499+09:00 DEBUG 79964 --- [http-nio-8081-exec-5] o.s.security.web.FilterChainProxy        : Securing POST /accounts
2023-09-04T22:25:16.500+09:00 DEBUG 79964 --- [http-nio-8081-exec-5] o.s.security.web.FilterChainProxy        : Secured POST /accounts
2023-09-04T22:25:16.500+09:00 DEBUG 79964 --- [http-nio-8081-exec-5] o.s.web.servlet.DispatcherServlet        : POST "/accounts", parameters={}
2023-09-04T22:25:16.500+09:00 DEBUG 79964 --- [http-nio-8081-exec-5] s.w.s.m.m.a.RequestMappingHandlerMapping : Mapped to com.forstuad.bankserver.controller.BankController#create(CreateAccountRequestDto)
2023-09-04T22:25:16.500+09:00 DEBUG 79964 --- [http-nio-8081-exec-5] m.m.a.RequestResponseBodyMethodProcessor : Read "application/json;charset=UTF-8" to [CreateAccountRequestDto(userId=1)]
2023-09-04T22:25:16.505+09:00 DEBUG 79964 --- [http-nio-8081-exec-5] o.s.w.s.m.m.a.HttpEntityMethodProcessor  : Using 'application/json', given [*/*] and supported [application/json, application/*+json]
2023-09-04T22:25:16.505+09:00 DEBUG 79964 --- [http-nio-8081-exec-5] o.s.w.s.m.m.a.HttpEntityMethodProcessor  : Writing [{account=com.forstuad.bankserver.domain.Account@7867c769, status=success}]
2023-09-04T22:25:16.506+09:00 DEBUG 79964 --- [http-nio-8081-exec-5] o.s.web.servlet.DispatcherServlet        : Completed 201 CREATED
2023-09-04T22:25:16.506+09:00 DEBUG 79964 --- [http-nio-8081-exec-5] o.s.s.w.a.AnonymousAuthenticationFilter  : Set SecurityContextHolder to anonymous SecurityContext
2023-09-04T22:25:17.161+09:00 DEBUG 79964 --- [http-nio-8081-exec-6] o.s.security.web.FilterChainProxy        : Securing POST /accounts
2023-09-04T22:25:17.161+09:00 DEBUG 79964 --- [http-nio-8081-exec-6] o.s.security.web.FilterChainProxy        : Secured POST /accounts
2023-09-04T22:25:17.161+09:00 DEBUG 79964 --- [http-nio-8081-exec-6] o.s.web.servlet.DispatcherServlet        : POST "/accounts", parameters={}
2023-09-04T22:25:17.161+09:00 DEBUG 79964 --- [http-nio-8081-exec-6] s.w.s.m.m.a.RequestMappingHandlerMapping : Mapped to com.forstuad.bankserver.controller.BankController#create(CreateAccountRequestDto)
2023-09-04T22:25:17.162+09:00 DEBUG 79964 --- [http-nio-8081-exec-6] m.m.a.RequestResponseBodyMethodProcessor : Read "application/json;charset=UTF-8" to [CreateAccountRequestDto(userId=1)]
2023-09-04T22:25:17.167+09:00 DEBUG 79964 --- [http-nio-8081-exec-6] o.s.w.s.m.m.a.HttpEntityMethodProcessor  : Using 'application/json', given [*/*] and supported [application/json, application/*+json]
2023-09-04T22:25:17.167+09:00 DEBUG 79964 --- [http-nio-8081-exec-6] o.s.w.s.m.m.a.HttpEntityMethodProcessor  : Writing [{account=com.forstuad.bankserver.domain.Account@33c45f07, status=success}]
2023-09-04T22:25:17.167+09:00 DEBUG 79964 --- [http-nio-8081-exec-6] o.s.web.servlet.DispatcherServlet        : Completed 201 CREATED
2023-09-04T22:25:17.167+09:00 DEBUG 79964 --- [http-nio-8081-exec-6] o.s.s.w.a.AnonymousAuthenticationFilter  : Set SecurityContextHolder to anonymous SecurityContext
2023-09-04T22:25:17.808+09:00 DEBUG 79964 --- [http-nio-8081-exec-7] o.s.security.web.FilterChainProxy        : Securing POST /accounts
2023-09-04T22:25:17.808+09:00 DEBUG 79964 --- [http-nio-8081-exec-7] o.s.security.web.FilterChainProxy        : Secured POST /accounts
2023-09-04T22:25:17.808+09:00 DEBUG 79964 --- [http-nio-8081-exec-7] o.s.web.servlet.DispatcherServlet        : POST "/accounts", parameters={}
2023-09-04T22:25:17.809+09:00 DEBUG 79964 --- [http-nio-8081-exec-7] s.w.s.m.m.a.RequestMappingHandlerMapping : Mapped to com.forstuad.bankserver.controller.BankController#create(CreateAccountRequestDto)
2023-09-04T22:25:17.809+09:00 DEBUG 79964 --- [http-nio-8081-exec-7] m.m.a.RequestResponseBodyMethodProcessor : Read "application/json;charset=UTF-8" to [CreateAccountRequestDto(userId=1)]
2023-09-04T22:25:17.814+09:00 DEBUG 79964 --- [http-nio-8081-exec-7] o.s.w.s.m.m.a.HttpEntityMethodProcessor  : Using 'application/json', given [*/*] and supported [application/json, application/*+json]
2023-09-04T22:25:17.814+09:00 DEBUG 79964 --- [http-nio-8081-exec-7] o.s.w.s.m.m.a.HttpEntityMethodProcessor  : Writing [{account=com.forstuad.bankserver.domain.Account@7b1d5bb8, status=success}]
2023-09-04T22:25:17.814+09:00 DEBUG 79964 --- [http-nio-8081-exec-7] o.s.web.servlet.DispatcherServlet        : Completed 201 CREATED
2023-09-04T22:25:17.814+09:00 DEBUG 79964 --- [http-nio-8081-exec-7] o.s.s.w.a.AnonymousAuthenticationFilter  : Set SecurityContextHolder to anonymous SecurityContext
2023-09-04T22:25:18.546+09:00 DEBUG 79964 --- [http-nio-8081-exec-8] o.s.security.web.FilterChainProxy        : Securing POST /accounts
2023-09-04T22:25:18.547+09:00 DEBUG 79964 --- [http-nio-8081-exec-8] o.s.security.web.FilterChainProxy        : Secured POST /accounts
2023-09-04T22:25:18.547+09:00 DEBUG 79964 --- [http-nio-8081-exec-8] o.s.web.servlet.DispatcherServlet        : POST "/accounts", parameters={}
2023-09-04T22:25:18.547+09:00 DEBUG 79964 --- [http-nio-8081-exec-8] s.w.s.m.m.a.RequestMappingHandlerMapping : Mapped to com.forstuad.bankserver.controller.BankController#create(CreateAccountRequestDto)
2023-09-04T22:25:18.547+09:00 DEBUG 79964 --- [http-nio-8081-exec-8] m.m.a.RequestResponseBodyMethodProcessor : Read "application/json;charset=UTF-8" to [CreateAccountRequestDto(userId=1)]
2023-09-04T22:25:18.551+09:00 DEBUG 79964 --- [http-nio-8081-exec-8] o.s.w.s.m.m.a.HttpEntityMethodProcessor  : Using 'application/json', given [*/*] and supported [application/json, application/*+json]
2023-09-04T22:25:18.551+09:00 DEBUG 79964 --- [http-nio-8081-exec-8] o.s.w.s.m.m.a.HttpEntityMethodProcessor  : Writing [{account=com.forstuad.bankserver.domain.Account@235fd5c0, status=success}]
2023-09-04T22:25:18.552+09:00 DEBUG 79964 --- [http-nio-8081-exec-8] o.s.web.servlet.DispatcherServlet        : Completed 201 CREATED
2023-09-04T22:25:18.552+09:00 DEBUG 79964 --- [http-nio-8081-exec-8] o.s.s.w.a.AnonymousAuthenticationFilter  : Set SecurityContextHolder to anonymous SecurityContext
2023-09-04T22:25:19.103+09:00 DEBUG 79964 --- [http-nio-8081-exec-9] o.s.security.web.FilterChainProxy        : Securing POST /accounts
2023-09-04T22:25:19.104+09:00 DEBUG 79964 --- [http-nio-8081-exec-9] o.s.security.web.FilterChainProxy        : Secured POST /accounts
2023-09-04T22:25:19.104+09:00 DEBUG 79964 --- [http-nio-8081-exec-9] o.s.web.servlet.DispatcherServlet        : POST "/accounts", parameters={}
2023-09-04T22:25:19.104+09:00 DEBUG 79964 --- [http-nio-8081-exec-9] s.w.s.m.m.a.RequestMappingHandlerMapping : Mapped to com.forstuad.bankserver.controller.BankController#create(CreateAccountRequestDto)
2023-09-04T22:25:19.105+09:00 DEBUG 79964 --- [http-nio-8081-exec-9] m.m.a.RequestResponseBodyMethodProcessor : Read "application/json;charset=UTF-8" to [CreateAccountRequestDto(userId=1)]
2023-09-04T22:25:19.110+09:00 DEBUG 79964 --- [http-nio-8081-exec-9] o.s.w.s.m.m.a.HttpEntityMethodProcessor  : Using 'application/json', given [*/*] and supported [application/json, application/*+json]
2023-09-04T22:25:19.110+09:00 DEBUG 79964 --- [http-nio-8081-exec-9] o.s.w.s.m.m.a.HttpEntityMethodProcessor  : Writing [{account=com.forstuad.bankserver.domain.Account@37996da4, status=success}]
2023-09-04T22:25:19.111+09:00 DEBUG 79964 --- [http-nio-8081-exec-9] o.s.web.servlet.DispatcherServlet        : Completed 201 CREATED
2023-09-04T22:25:19.111+09:00 DEBUG 79964 --- [http-nio-8081-exec-9] o.s.s.w.a.AnonymousAuthenticationFilter  : Set SecurityContextHolder to anonymous SecurityContext
2023-09-04T22:25:19.719+09:00 DEBUG 79964 --- [http-nio-8081-exec-10] o.s.security.web.FilterChainProxy        : Securing POST /accounts
2023-09-04T22:25:19.719+09:00 DEBUG 79964 --- [http-nio-8081-exec-10] o.s.security.web.FilterChainProxy        : Secured POST /accounts
2023-09-04T22:25:19.720+09:00 DEBUG 79964 --- [http-nio-8081-exec-10] o.s.web.servlet.DispatcherServlet        : POST "/accounts", parameters={}
2023-09-04T22:25:19.720+09:00 DEBUG 79964 --- [http-nio-8081-exec-10] s.w.s.m.m.a.RequestMappingHandlerMapping : Mapped to com.forstuad.bankserver.controller.BankController#create(CreateAccountRequestDto)
2023-09-04T22:25:19.720+09:00 DEBUG 79964 --- [http-nio-8081-exec-10] m.m.a.RequestResponseBodyMethodProcessor : Read "application/json;charset=UTF-8" to [CreateAccountRequestDto(userId=1)]
2023-09-04T22:25:19.725+09:00 DEBUG 79964 --- [http-nio-8081-exec-10] o.s.w.s.m.m.a.HttpEntityMethodProcessor  : Using 'application/json', given [*/*] and supported [application/json, application/*+json]
2023-09-04T22:25:19.725+09:00 DEBUG 79964 --- [http-nio-8081-exec-10] o.s.w.s.m.m.a.HttpEntityMethodProcessor  : Writing [{account=com.forstuad.bankserver.domain.Account@68709dbc, status=success}]
2023-09-04T22:25:19.726+09:00 DEBUG 79964 --- [http-nio-8081-exec-10] o.s.web.servlet.DispatcherServlet        : Completed 201 CREATED
2023-09-04T22:25:19.726+09:00 DEBUG 79964 --- [http-nio-8081-exec-10] o.s.s.w.a.AnonymousAuthenticationFilter  : Set SecurityContextHolder to anonymous SecurityContext
2023-09-04T22:25:20.230+09:00 DEBUG 79964 --- [http-nio-8081-exec-1] o.s.security.web.FilterChainProxy        : Securing POST /accounts
2023-09-04T22:25:20.230+09:00 DEBUG 79964 --- [http-nio-8081-exec-1] o.s.security.web.FilterChainProxy        : Secured POST /accounts
2023-09-04T22:25:20.230+09:00 DEBUG 79964 --- [http-nio-8081-exec-1] o.s.web.servlet.DispatcherServlet        : POST "/accounts", parameters={}
2023-09-04T22:25:20.230+09:00 DEBUG 79964 --- [http-nio-8081-exec-1] s.w.s.m.m.a.RequestMappingHandlerMapping : Mapped to com.forstuad.bankserver.controller.BankController#create(CreateAccountRequestDto)
2023-09-04T22:25:20.231+09:00 DEBUG 79964 --- [http-nio-8081-exec-1] m.m.a.RequestResponseBodyMethodProcessor : Read "application/json;charset=UTF-8" to [CreateAccountRequestDto(userId=1)]
2023-09-04T22:25:20.235+09:00 DEBUG 79964 --- [http-nio-8081-exec-1] o.s.w.s.m.m.a.HttpEntityMethodProcessor  : Using 'application/json', given [*/*] and supported [application/json, application/*+json]
2023-09-04T22:25:20.235+09:00 DEBUG 79964 --- [http-nio-8081-exec-1] o.s.w.s.m.m.a.HttpEntityMethodProcessor  : Writing [{account=com.forstuad.bankserver.domain.Account@6d2111e, status=success}]
2023-09-04T22:25:20.235+09:00 DEBUG 79964 --- [http-nio-8081-exec-1] o.s.web.servlet.DispatcherServlet        : Completed 201 CREATED
2023-09-04T22:25:20.235+09:00 DEBUG 79964 --- [http-nio-8081-exec-1] o.s.s.w.a.AnonymousAuthenticationFilter  : Set SecurityContextHolder to anonymous SecurityContext
2023-09-04T22:25:20.818+09:00 DEBUG 79964 --- [http-nio-8081-exec-2] o.s.security.web.FilterChainProxy        : Securing POST /accounts
2023-09-04T22:25:20.818+09:00 DEBUG 79964 --- [http-nio-8081-exec-2] o.s.security.web.FilterChainProxy        : Secured POST /accounts
2023-09-04T22:25:20.818+09:00 DEBUG 79964 --- [http-nio-8081-exec-2] o.s.web.servlet.DispatcherServlet        : POST "/accounts", parameters={}
2023-09-04T22:25:20.818+09:00 DEBUG 79964 --- [http-nio-8081-exec-2] s.w.s.m.m.a.RequestMappingHandlerMapping : Mapped to com.forstuad.bankserver.controller.BankController#create(CreateAccountRequestDto)
2023-09-04T22:25:20.819+09:00 DEBUG 79964 --- [http-nio-8081-exec-2] m.m.a.RequestResponseBodyMethodProcessor : Read "application/json;charset=UTF-8" to [CreateAccountRequestDto(userId=1)]
2023-09-04T22:25:20.825+09:00 DEBUG 79964 --- [http-nio-8081-exec-2] o.s.w.s.m.m.a.HttpEntityMethodProcessor  : Using 'application/json', given [*/*] and supported [application/json, application/*+json]
2023-09-04T22:25:20.825+09:00 DEBUG 79964 --- [http-nio-8081-exec-2] o.s.w.s.m.m.a.HttpEntityMethodProcessor  : Writing [{account=com.forstuad.bankserver.domain.Account@4de82c53, status=success}]
2023-09-04T22:25:20.825+09:00 DEBUG 79964 --- [http-nio-8081-exec-2] o.s.web.servlet.DispatcherServlet        : Completed 201 CREATED
2023-09-04T22:25:20.825+09:00 DEBUG 79964 --- [http-nio-8081-exec-2] o.s.s.w.a.AnonymousAuthenticationFilter  : Set SecurityContextHolder to anonymous SecurityContext
2023-09-04T22:25:21.420+09:00 DEBUG 79964 --- [http-nio-8081-exec-3] o.s.security.web.FilterChainProxy        : Securing POST /accounts
2023-09-04T22:25:21.420+09:00 DEBUG 79964 --- [http-nio-8081-exec-3] o.s.security.web.FilterChainProxy        : Secured POST /accounts
2023-09-04T22:25:21.420+09:00 DEBUG 79964 --- [http-nio-8081-exec-3] o.s.web.servlet.DispatcherServlet        : POST "/accounts", parameters={}
2023-09-04T22:25:21.421+09:00 DEBUG 79964 --- [http-nio-8081-exec-3] s.w.s.m.m.a.RequestMappingHandlerMapping : Mapped to com.forstuad.bankserver.controller.BankController#create(CreateAccountRequestDto)
2023-09-04T22:25:21.421+09:00 DEBUG 79964 --- [http-nio-8081-exec-3] m.m.a.RequestResponseBodyMethodProcessor : Read "application/json;charset=UTF-8" to [CreateAccountRequestDto(userId=1)]
2023-09-04T22:25:21.427+09:00 DEBUG 79964 --- [http-nio-8081-exec-3] o.s.w.s.m.m.a.HttpEntityMethodProcessor  : Using 'application/json', given [*/*] and supported [application/json, application/*+json]
2023-09-04T22:25:21.427+09:00 DEBUG 79964 --- [http-nio-8081-exec-3] o.s.w.s.m.m.a.HttpEntityMethodProcessor  : Writing [{account=com.forstuad.bankserver.domain.Account@32d2c450, status=success}]
2023-09-04T22:25:21.427+09:00 DEBUG 79964 --- [http-nio-8081-exec-3] o.s.web.servlet.DispatcherServlet        : Completed 201 CREATED
2023-09-04T22:25:21.427+09:00 DEBUG 79964 --- [http-nio-8081-exec-3] o.s.s.w.a.AnonymousAuthenticationFilter  : Set SecurityContextHolder to anonymous SecurityContext
2023-09-04T22:25:21.947+09:00 DEBUG 79964 --- [http-nio-8081-exec-4] o.s.security.web.FilterChainProxy        : Securing POST /accounts
2023-09-04T22:25:21.947+09:00 DEBUG 79964 --- [http-nio-8081-exec-4] o.s.security.web.FilterChainProxy        : Secured POST /accounts
2023-09-04T22:25:21.947+09:00 DEBUG 79964 --- [http-nio-8081-exec-4] o.s.web.servlet.DispatcherServlet        : POST "/accounts", parameters={}
2023-09-04T22:25:21.947+09:00 DEBUG 79964 --- [http-nio-8081-exec-4] s.w.s.m.m.a.RequestMappingHandlerMapping : Mapped to com.forstuad.bankserver.controller.BankController#create(CreateAccountRequestDto)
2023-09-04T22:25:21.948+09:00 DEBUG 79964 --- [http-nio-8081-exec-4] m.m.a.RequestResponseBodyMethodProcessor : Read "application/json;charset=UTF-8" to [CreateAccountRequestDto(userId=1)]
2023-09-04T22:25:21.954+09:00 DEBUG 79964 --- [http-nio-8081-exec-4] o.s.w.s.m.m.a.HttpEntityMethodProcessor  : Using 'application/json', given [*/*] and supported [application/json, application/*+json]
2023-09-04T22:25:21.954+09:00 DEBUG 79964 --- [http-nio-8081-exec-4] o.s.w.s.m.m.a.HttpEntityMethodProcessor  : Writing [{account=com.forstuad.bankserver.domain.Account@2023e8b3, status=success}]
2023-09-04T22:25:21.955+09:00 DEBUG 79964 --- [http-nio-8081-exec-4] o.s.web.servlet.DispatcherServlet        : Completed 201 CREATED
2023-09-04T22:25:21.955+09:00 DEBUG 79964 --- [http-nio-8081-exec-4] o.s.s.w.a.AnonymousAuthenticationFilter  : Set SecurityContextHolder to anonymous SecurityContext
2023-09-04T22:25:34.163+09:00 DEBUG 79964 --- [http-nio-8081-exec-5] o.s.security.web.FilterChainProxy        : Securing GET /accounts
2023-09-04T22:25:34.164+09:00 DEBUG 79964 --- [http-nio-8081-exec-5] o.s.security.web.FilterChainProxy        : Secured GET /accounts
2023-09-04T22:25:34.164+09:00 DEBUG 79964 --- [http-nio-8081-exec-5] o.s.web.servlet.DispatcherServlet        : GET "/accounts", parameters={}
2023-09-04T22:25:34.164+09:00 DEBUG 79964 --- [http-nio-8081-exec-5] s.w.s.m.m.a.RequestMappingHandlerMapping : Mapped to com.forstuad.bankserver.controller.BankController#accountList(AllAccountRequestDto)
2023-09-04T22:25:34.164+09:00 DEBUG 79964 --- [http-nio-8081-exec-5] m.m.a.RequestResponseBodyMethodProcessor : Read "application/json;charset=UTF-8" to [AllAccountRequestDto(userId=1)]
2023-09-04T22:25:34.168+09:00 DEBUG 79964 --- [http-nio-8081-exec-5] o.s.w.s.m.m.a.HttpEntityMethodProcessor  : Using 'application/json', given [*/*] and supported [application/json, application/*+json]
2023-09-04T22:25:34.168+09:00 DEBUG 79964 --- [http-nio-8081-exec-5] o.s.w.s.m.m.a.HttpEntityMethodProcessor  : Writing [{accountList=[AccountResponseDto(accountId=133-445-750587, balance=15500, groupId=0, isGroup=false), (truncated)...]
2023-09-04T22:25:34.169+09:00 DEBUG 79964 --- [http-nio-8081-exec-5] o.s.web.servlet.DispatcherServlet        : Completed 202 ACCEPTED
2023-09-04T22:25:34.169+09:00 DEBUG 79964 --- [http-nio-8081-exec-5] o.s.s.w.a.AnonymousAuthenticationFilter  : Set SecurityContextHolder to anonymous SecurityContext
2023-09-04T22:28:18.060+09:00 DEBUG 79964 --- [SpringApplicationShutdownHook] o.s.b.a.ApplicationAvailabilityBean      : Application availability state ReadinessState changed from ACCEPTING_TRAFFIC to REFUSING_TRAFFIC
2023-09-04T22:28:18.061+09:00 DEBUG 79964 --- [SpringApplicationShutdownHook] ConfigServletWebServerApplicationContext : Closing org.springframework.boot.web.servlet.context.AnnotationConfigServletWebServerApplicationContext@71631084, started on Mon Sep 04 22:20:30 KST 2023
2023-09-04T22:28:18.081+09:00  INFO 79964 --- [SpringApplicationShutdownHook] j.LocalContainerEntityManagerFactoryBean : Closing JPA EntityManagerFactory for persistence unit 'default'
2023-09-04T22:28:18.083+09:00  INFO 79964 --- [SpringApplicationShutdownHook] com.zaxxer.hikari.HikariDataSource       : HikariPool-1 - Shutdown initiated...
2023-09-04T22:28:18.087+09:00  INFO 79964 --- [SpringApplicationShutdownHook] com.zaxxer.hikari.HikariDataSource       : HikariPool-1 - Shutdown completed.
